# Logfile created on 2021-12-29 12:36:21 +0300 by logger.rb/66358
I, [2021-12-29T12:36:26.497614 #42521]  INFO -- : Running example 'Verifying a pact between ShoppingCardClient and ShoppingCardApi Given i get products successfully A request for get all products with GET /products returns a response which has status code 200'
I, [2021-12-29T12:36:26.513320 #42521]  INFO -- : Sending GET request to path: "/products" with headers: {"X_PACT_PROVIDER_STATES"=>[{"name"=>"i get products successfully"}]}, see debug logs for body
D, [2021-12-29T12:36:26.513421 #42521] DEBUG -- : body :
I, [2021-12-29T12:36:26.528049 #42521]  INFO -- : Received response with status: 200, headers: {"Access-Control-Allow-Origin"=>"*", "Content-Length"=>"822", "Content-Type"=>"application/json", "Date"=>"Wed, 29 Dec 2021 09:36:26 GMT", "Vary"=>"Origin"}, see debug logs for body
D, [2021-12-29T12:36:26.528127 #42521] DEBUG -- : body: [{"product_id":3,"product_image_source":"img/sony.jpeg","product_name":"Sony LCD-TV","product_price":"15000","product_category":"Technology","product_color":"Black"},{"product_id":4,"product_image_source":"img/tshirt.jpeg","product_name":"T-Shirt","product_price":"50","product_category":"Clothes","product_color":"Black"},{"product_id":0,"product_image_source":"img/asus.jpeg","product_name":"ASUS MG- Laptop","product_price":"10500","product_category":"Technology","product_color":"Gray"},{"product_id":1,"product_image_source":"img/iphone.jpeg","product_name":"iPhone 11","product_price":"10500","product_category":"Technology","product_color":"Turquoise"},{"product_id":2,"product_image_source":"img/iphone.jpeg","product_name":"Smart Bag","product_price":"500","product_category":"Accessory","product_color":"Beige"}]
I, [2021-12-29T12:36:26.529862 #42521]  INFO -- : Running example 'Verifying a pact between ShoppingCardClient and ShoppingCardApi Given i get product successfully A request for get product by id with GET /products/1 returns a response which has status code 200'
I, [2021-12-29T12:36:26.540466 #42521]  INFO -- : Sending GET request to path: "/products/1" with headers: {"X_PACT_PROVIDER_STATES"=>[{"name"=>"i get product successfully"}]}, see debug logs for body
D, [2021-12-29T12:36:26.540586 #42521] DEBUG -- : body :
I, [2021-12-29T12:36:26.543716 #42521]  INFO -- : Received response with status: 200, headers: {"Access-Control-Allow-Origin"=>"*", "Content-Length"=>"168", "Content-Type"=>"application/json", "Date"=>"Wed, 29 Dec 2021 09:36:26 GMT", "Vary"=>"Origin"}, see debug logs for body
D, [2021-12-29T12:36:26.543785 #42521] DEBUG -- : body: {"product_id":1,"product_image_source":"img/iphone.jpeg","product_name":"iPhone 11","product_price":"10500","product_category":"Technology","product_color":"Turquoise"}
I, [2021-12-29T12:36:26.544809 #42521]  INFO -- : Running example 'Verifying a pact between ShoppingCardClient and ShoppingCardApi Given i get basket products successfully A request for get basket products with GET /basket returns a response which has status code 200'
I, [2021-12-29T12:36:26.556469 #42521]  INFO -- : Sending GET request to path: "/basket" with headers: {"X_PACT_PROVIDER_STATES"=>[{"name"=>"i get basket products successfully"}]}, see debug logs for body
D, [2021-12-29T12:36:26.556541 #42521] DEBUG -- : body :
I, [2021-12-29T12:36:26.559392 #42521]  INFO -- : Received response with status: 200, headers: {"Access-Control-Allow-Origin"=>"*", "Content-Length"=>"192", "Content-Type"=>"application/json", "Date"=>"Wed, 29 Dec 2021 09:36:26 GMT", "Vary"=>"Origin"}, see debug logs for body
D, [2021-12-29T12:36:26.559461 #42521] DEBUG -- : body: [{"product":{"product_id":1,"product_image_source":"img/iphone.jpeg","product_name":"iPhone 11","product_price":"10500","product_category":"Technology","product_color":"Turquoise"},"count":1}]
I, [2021-12-29T12:36:26.561154 #42521]  INFO -- : Running example 'Verifying a pact between ShoppingCardClient and ShoppingCardApi Given i add product to basket products successfully A request for add product to basket products with POST /basket returns a response which has status code 200'
I, [2021-12-29T12:36:26.572061 #42521]  INFO -- : Sending POST request to path: "/basket" with headers: {"CONTENT_TYPE"=>"application/json", "HTTP_X_PACT_ORIGINAL_HEADER_NAMES"=>"Content-Type", "X_PACT_PROVIDER_STATES"=>[{"name"=>"i add product to basket products successfully"}]}, see debug logs for body
D, [2021-12-29T12:36:26.572158 #42521] DEBUG -- : body :{"product_id":1,"product_image_source":"imageurl","product_name":"T-Shirt","product_price":"50","product_category":"Clothes","product_color":"Black"}
I, [2021-12-29T12:36:26.574922 #42521]  INFO -- : Received response with status: 200, headers: {"Access-Control-Allow-Origin"=>"*", "Content-Length"=>"11", "Content-Type"=>"application/json", "Date"=>"Wed, 29 Dec 2021 09:36:26 GMT", "Vary"=>"Origin"}, see debug logs for body
D, [2021-12-29T12:36:26.574983 #42521] DEBUG -- : body: {"count":1}
I, [2021-12-29T12:36:26.575854 #42521]  INFO -- : Running example 'Verifying a pact between ShoppingCardClient and ShoppingCardApi Given i increased count of product successfully by given product id A request for increase count of a product in basket by product id with GET /basket/1/increase returns a response which has status code 200'
I, [2021-12-29T12:36:26.585013 #42521]  INFO -- : Sending GET request to path: "/basket/1/increase" with headers: {"X_PACT_PROVIDER_STATES"=>[{"name"=>"i increased count of product successfully by given product id"}]}, see debug logs for body
D, [2021-12-29T12:36:26.585056 #42521] DEBUG -- : body :
I, [2021-12-29T12:36:26.586775 #42521]  INFO -- : Received response with status: 200, headers: {"Access-Control-Allow-Origin"=>"*", "Content-Length"=>"190", "Content-Type"=>"application/json", "Date"=>"Wed, 29 Dec 2021 09:36:26 GMT", "Vary"=>"Origin"}, see debug logs for body
D, [2021-12-29T12:36:26.586817 #42521] DEBUG -- : body: {"product":{"product_id":1,"product_image_source":"img/iphone.jpeg","product_name":"iPhone 11","product_price":"10500","product_category":"Technology","product_color":"Turquoise"},"count":2}
I, [2021-12-29T12:36:26.587617 #42521]  INFO -- : Running example 'Verifying a pact between ShoppingCardClient and ShoppingCardApi Given i decreased count of product successfully by given product id A request for decrease count of a product in basket by product id with GET /basket/1/decrease returns a response which has status code 200'
I, [2021-12-29T12:36:26.596324 #42521]  INFO -- : Sending GET request to path: "/basket/1/decrease" with headers: {"X_PACT_PROVIDER_STATES"=>[{"name"=>"i decreased count of product successfully by given product id"}]}, see debug logs for body
D, [2021-12-29T12:36:26.596371 #42521] DEBUG -- : body :
I, [2021-12-29T12:36:26.597937 #42521]  INFO -- : Received response with status: 200, headers: {"Access-Control-Allow-Origin"=>"*", "Content-Length"=>"190", "Content-Type"=>"application/json", "Date"=>"Wed, 29 Dec 2021 09:36:26 GMT", "Vary"=>"Origin"}, see debug logs for body
D, [2021-12-29T12:36:26.597978 #42521] DEBUG -- : body: {"product":{"product_id":1,"product_image_source":"img/iphone.jpeg","product_name":"iPhone 11","product_price":"10500","product_category":"Technology","product_color":"Turquoise"},"count":1}
I, [2021-12-29T12:36:26.598739 #42521]  INFO -- : Running example 'Verifying a pact between ShoppingCardClient and ShoppingCardApi Given i removed a product successfully from basket products by the products id A request for remove a product from basket by product id with DELETE /basket/1/remove returns a response which has status code 200'
I, [2021-12-29T12:36:26.606919 #42521]  INFO -- : Sending DELETE request to path: "/basket/1/remove" with headers: {"X_PACT_PROVIDER_STATES"=>[{"name"=>"i removed a product successfully from basket products by the products id"}]}, see debug logs for body
D, [2021-12-29T12:36:26.606955 #42521] DEBUG -- : body :
I, [2021-12-29T12:36:26.608510 #42521]  INFO -- : Received response with status: 200, headers: {"Access-Control-Allow-Origin"=>"*", "Content-Length"=>"190", "Content-Type"=>"application/json", "Date"=>"Wed, 29 Dec 2021 09:36:26 GMT", "Vary"=>"Origin"}, see debug logs for body
D, [2021-12-29T12:36:26.608563 #42521] DEBUG -- : body: {"product":{"product_id":1,"product_image_source":"img/iphone.jpeg","product_name":"iPhone 11","product_price":"10500","product_category":"Technology","product_color":"Turquoise"},"count":1}
I, [2021-12-29T12:36:26.609292 #42521]  INFO -- : Running example 'Verifying a pact between ShoppingCardClient and ShoppingCardApi Given i cleared all the products in basket successfully A request for clear all products in basket with DELETE /basket returns a response which has status code 200'
I, [2021-12-29T12:36:26.617418 #42521]  INFO -- : Sending DELETE request to path: "/basket" with headers: {"X_PACT_PROVIDER_STATES"=>[{"name"=>"i cleared all the products in basket successfully"}]}, see debug logs for body
D, [2021-12-29T12:36:26.617457 #42521] DEBUG -- : body :
I, [2021-12-29T12:36:26.618929 #42521]  INFO -- : Received response with status: 200, headers: {"Access-Control-Allow-Origin"=>"*", "Content-Length"=>"376", "Content-Type"=>"application/json", "Date"=>"Wed, 29 Dec 2021 09:36:26 GMT", "Vary"=>"Origin"}, see debug logs for body
D, [2021-12-29T12:36:26.618965 #42521] DEBUG -- : body: [{"product":{"product_id":1,"product_image_source":"img/iphone.jpeg","product_name":"iPhone 11","product_price":"10500","product_category":"Technology","product_color":"Turquoise"},"count":1},{"product":{"product_id":2,"product_image_source":"img/iphone.jpeg","product_name":"Smart Bag","product_price":"500","product_category":"Accessory","product_color":"Beige"},"count":1}]
I, [2021-12-29T12:36:26.619711 #42521]  INFO -- : Running example 'Verifying a pact between ShoppingCardClient and ShoppingCardApi Given i get count of products in basket sucessfully A request for get count of products in basket with GET /basket/count returns a response which has status code 200'
I, [2021-12-29T12:36:26.643266 #42521]  INFO -- : Sending GET request to path: "/basket/count" with headers: {"X_PACT_PROVIDER_STATES"=>[{"name"=>"i get count of products in basket sucessfully"}]}, see debug logs for body
D, [2021-12-29T12:36:26.643323 #42521] DEBUG -- : body :
I, [2021-12-29T12:36:26.645012 #42521]  INFO -- : Received response with status: 200, headers: {"Access-Control-Allow-Origin"=>"*", "Content-Length"=>"11", "Content-Type"=>"application/json", "Date"=>"Wed, 29 Dec 2021 09:36:26 GMT", "Vary"=>"Origin"}, see debug logs for body
D, [2021-12-29T12:36:26.645051 #42521] DEBUG -- : body: {"count":0}
I, [2021-12-29T12:36:30.466569 #42521]  INFO -- : Running example 'Verifying a pact between ShoppingCardClient and ShoppingCardApi Given i get products successfully A request for get all products with GET /products returns a response which has status code 200'
I, [2021-12-29T12:36:30.476272 #42521]  INFO -- : Sending GET request to path: "/products" with headers: {"X_PACT_PROVIDER_STATES"=>[{"name"=>"i get products successfully"}]}, see debug logs for body
D, [2021-12-29T12:36:30.476342 #42521] DEBUG -- : body :
I, [2021-12-29T12:36:30.478899 #42521]  INFO -- : Received response with status: 200, headers: {"Access-Control-Allow-Origin"=>"*", "Content-Length"=>"822", "Content-Type"=>"application/json", "Date"=>"Wed, 29 Dec 2021 09:36:29 GMT", "Vary"=>"Origin"}, see debug logs for body
D, [2021-12-29T12:36:30.478967 #42521] DEBUG -- : body: [{"product_id":0,"product_image_source":"img/asus.jpeg","product_name":"ASUS MG- Laptop","product_price":"10500","product_category":"Technology","product_color":"Gray"},{"product_id":1,"product_image_source":"img/iphone.jpeg","product_name":"iPhone 11","product_price":"10500","product_category":"Technology","product_color":"Turquoise"},{"product_id":2,"product_image_source":"img/iphone.jpeg","product_name":"Smart Bag","product_price":"500","product_category":"Accessory","product_color":"Beige"},{"product_id":3,"product_image_source":"img/sony.jpeg","product_name":"Sony LCD-TV","product_price":"15000","product_category":"Technology","product_color":"Black"},{"product_id":4,"product_image_source":"img/tshirt.jpeg","product_name":"T-Shirt","product_price":"50","product_category":"Clothes","product_color":"Black"}]
I, [2021-12-29T12:36:30.480091 #42521]  INFO -- : Running example 'Verifying a pact between ShoppingCardClient and ShoppingCardApi Given i get product successfully A request for get product by id with GET /products/1 returns a response which has status code 200'
I, [2021-12-29T12:36:30.489590 #42521]  INFO -- : Sending GET request to path: "/products/1" with headers: {"X_PACT_PROVIDER_STATES"=>[{"name"=>"i get product successfully"}]}, see debug logs for body
D, [2021-12-29T12:36:30.489662 #42521] DEBUG -- : body :
I, [2021-12-29T12:36:30.492567 #42521]  INFO -- : Received response with status: 200, headers: {"Access-Control-Allow-Origin"=>"*", "Content-Length"=>"168", "Content-Type"=>"application/json", "Date"=>"Wed, 29 Dec 2021 09:36:29 GMT", "Vary"=>"Origin"}, see debug logs for body
D, [2021-12-29T12:36:30.492676 #42521] DEBUG -- : body: {"product_id":1,"product_image_source":"img/iphone.jpeg","product_name":"iPhone 11","product_price":"10500","product_category":"Technology","product_color":"Turquoise"}
I, [2021-12-29T12:36:30.494186 #42521]  INFO -- : Running example 'Verifying a pact between ShoppingCardClient and ShoppingCardApi Given i get basket products successfully A request for get basket products with GET /basket returns a response which has status code 200'
I, [2021-12-29T12:36:30.504789 #42521]  INFO -- : Sending GET request to path: "/basket" with headers: {"X_PACT_PROVIDER_STATES"=>[{"name"=>"i get basket products successfully"}]}, see debug logs for body
D, [2021-12-29T12:36:30.504854 #42521] DEBUG -- : body :
I, [2021-12-29T12:36:30.506811 #42521]  INFO -- : Received response with status: 200, headers: {"Access-Control-Allow-Origin"=>"*", "Content-Length"=>"192", "Content-Type"=>"application/json", "Date"=>"Wed, 29 Dec 2021 09:36:29 GMT", "Vary"=>"Origin"}, see debug logs for body
D, [2021-12-29T12:36:30.506857 #42521] DEBUG -- : body: [{"product":{"product_id":1,"product_image_source":"img/iphone.jpeg","product_name":"iPhone 11","product_price":"10500","product_category":"Technology","product_color":"Turquoise"},"count":1}]
I, [2021-12-29T12:36:30.509253 #42521]  INFO -- : Running example 'Verifying a pact between ShoppingCardClient and ShoppingCardApi Given i add product to basket products successfully A request for add product to basket products with POST /basket returns a response which has status code 200'
I, [2021-12-29T12:36:30.520552 #42521]  INFO -- : Sending POST request to path: "/basket" with headers: {"CONTENT_TYPE"=>"application/json", "HTTP_X_PACT_ORIGINAL_HEADER_NAMES"=>"Content-Type", "X_PACT_PROVIDER_STATES"=>[{"name"=>"i add product to basket products successfully"}]}, see debug logs for body
D, [2021-12-29T12:36:30.520630 #42521] DEBUG -- : body :{"product_id":1,"product_image_source":"imageurl","product_name":"T-Shirt","product_price":"50","product_category":"Clothes","product_color":"Black"}
I, [2021-12-29T12:36:30.524016 #42521]  INFO -- : Received response with status: 200, headers: {"Access-Control-Allow-Origin"=>"*", "Content-Length"=>"11", "Content-Type"=>"application/json", "Date"=>"Wed, 29 Dec 2021 09:36:29 GMT", "Vary"=>"Origin"}, see debug logs for body
D, [2021-12-29T12:36:30.524059 #42521] DEBUG -- : body: {"count":1}
I, [2021-12-29T12:36:30.525684 #42521]  INFO -- : Running example 'Verifying a pact between ShoppingCardClient and ShoppingCardApi Given i increased count of product successfully by given product id A request for increase count of a product in basket by product id with GET /basket/1/increase returns a response which has status code 200'
I, [2021-12-29T12:36:30.535274 #42521]  INFO -- : Sending GET request to path: "/basket/1/increase" with headers: {"X_PACT_PROVIDER_STATES"=>[{"name"=>"i increased count of product successfully by given product id"}]}, see debug logs for body
D, [2021-12-29T12:36:30.535336 #42521] DEBUG -- : body :
I, [2021-12-29T12:36:30.538346 #42521]  INFO -- : Received response with status: 200, headers: {"Access-Control-Allow-Origin"=>"*", "Content-Length"=>"190", "Content-Type"=>"application/json", "Date"=>"Wed, 29 Dec 2021 09:36:29 GMT", "Vary"=>"Origin"}, see debug logs for body
D, [2021-12-29T12:36:30.538426 #42521] DEBUG -- : body: {"product":{"product_id":1,"product_image_source":"img/iphone.jpeg","product_name":"iPhone 11","product_price":"10500","product_category":"Technology","product_color":"Turquoise"},"count":2}
I, [2021-12-29T12:36:30.540128 #42521]  INFO -- : Running example 'Verifying a pact between ShoppingCardClient and ShoppingCardApi Given i decreased count of product successfully by given product id A request for decrease count of a product in basket by product id with GET /basket/1/decrease returns a response which has status code 200'
I, [2021-12-29T12:36:30.548869 #42521]  INFO -- : Sending GET request to path: "/basket/1/decrease" with headers: {"X_PACT_PROVIDER_STATES"=>[{"name"=>"i decreased count of product successfully by given product id"}]}, see debug logs for body
D, [2021-12-29T12:36:30.548916 #42521] DEBUG -- : body :
I, [2021-12-29T12:36:30.551976 #42521]  INFO -- : Received response with status: 200, headers: {"Access-Control-Allow-Origin"=>"*", "Content-Length"=>"190", "Content-Type"=>"application/json", "Date"=>"Wed, 29 Dec 2021 09:36:30 GMT", "Vary"=>"Origin"}, see debug logs for body
D, [2021-12-29T12:36:30.552019 #42521] DEBUG -- : body: {"product":{"product_id":1,"product_image_source":"img/iphone.jpeg","product_name":"iPhone 11","product_price":"10500","product_category":"Technology","product_color":"Turquoise"},"count":1}
I, [2021-12-29T12:36:30.553444 #42521]  INFO -- : Running example 'Verifying a pact between ShoppingCardClient and ShoppingCardApi Given i removed a product successfully from basket products by the products id A request for remove a product from basket by product id with DELETE /basket/1/remove returns a response which has status code 200'
I, [2021-12-29T12:36:30.563089 #42521]  INFO -- : Sending DELETE request to path: "/basket/1/remove" with headers: {"X_PACT_PROVIDER_STATES"=>[{"name"=>"i removed a product successfully from basket products by the products id"}]}, see debug logs for body
D, [2021-12-29T12:36:30.563135 #42521] DEBUG -- : body :
I, [2021-12-29T12:36:30.579921 #42521]  INFO -- : Received response with status: 200, headers: {"Access-Control-Allow-Origin"=>"*", "Content-Length"=>"190", "Content-Type"=>"application/json", "Date"=>"Wed, 29 Dec 2021 09:36:30 GMT", "Vary"=>"Origin"}, see debug logs for body
D, [2021-12-29T12:36:30.579982 #42521] DEBUG -- : body: {"product":{"product_id":1,"product_image_source":"img/iphone.jpeg","product_name":"iPhone 11","product_price":"10500","product_category":"Technology","product_color":"Turquoise"},"count":1}
I, [2021-12-29T12:36:30.580757 #42521]  INFO -- : Running example 'Verifying a pact between ShoppingCardClient and ShoppingCardApi Given i cleared all the products in basket successfully A request for clear all products in basket with DELETE /basket returns a response which has status code 200'
I, [2021-12-29T12:36:30.588955 #42521]  INFO -- : Sending DELETE request to path: "/basket" with headers: {"X_PACT_PROVIDER_STATES"=>[{"name"=>"i cleared all the products in basket successfully"}]}, see debug logs for body
D, [2021-12-29T12:36:30.589002 #42521] DEBUG -- : body :
I, [2021-12-29T12:36:30.590613 #42521]  INFO -- : Received response with status: 200, headers: {"Access-Control-Allow-Origin"=>"*", "Content-Length"=>"376", "Content-Type"=>"application/json", "Date"=>"Wed, 29 Dec 2021 09:36:30 GMT", "Vary"=>"Origin"}, see debug logs for body
D, [2021-12-29T12:36:30.590657 #42521] DEBUG -- : body: [{"product":{"product_id":2,"product_image_source":"img/iphone.jpeg","product_name":"Smart Bag","product_price":"500","product_category":"Accessory","product_color":"Beige"},"count":1},{"product":{"product_id":1,"product_image_source":"img/iphone.jpeg","product_name":"iPhone 11","product_price":"10500","product_category":"Technology","product_color":"Turquoise"},"count":1}]
I, [2021-12-29T12:36:30.591406 #42521]  INFO -- : Running example 'Verifying a pact between ShoppingCardClient and ShoppingCardApi Given i get count of products in basket sucessfully A request for get count of products in basket with GET /basket/count returns a response which has status code 200'
I, [2021-12-29T12:36:30.599396 #42521]  INFO -- : Sending GET request to path: "/basket/count" with headers: {"X_PACT_PROVIDER_STATES"=>[{"name"=>"i get count of products in basket sucessfully"}]}, see debug logs for body
D, [2021-12-29T12:36:30.599436 #42521] DEBUG -- : body :
I, [2021-12-29T12:36:30.600931 #42521]  INFO -- : Received response with status: 200, headers: {"Access-Control-Allow-Origin"=>"*", "Content-Length"=>"11", "Content-Type"=>"application/json", "Date"=>"Wed, 29 Dec 2021 09:36:30 GMT", "Vary"=>"Origin"}, see debug logs for body
D, [2021-12-29T12:36:30.600965 #42521] DEBUG -- : body: {"count":0}
